This file contains any messages produced by compilers while
running configure, to aid debugging if configure makes a mistake.

It was created by checkmk configure 1.0.0pre4, which was
generated by GNU Autoconf 2.59.  Invocation command line was

  $ ./configure 

## --------- ##
## Platform. ##
## --------- ##

hostname = giovanni-Dell-System-Vostro-3450
uname -m = x86_64
uname -r = 3.13.0-128-generic
uname -s = Linux
uname -v = #177-Ubuntu SMP Tue Aug 8 11:40:23 UTC 2017

/usr/bin/uname -p = unknown
/bin/uname -X     = unknown

/bin/arch              = unknown
/usr/bin/arch -k       = unknown
/usr/convex/getsysinfo = unknown
hostinfo               = unknown
/bin/machine           = unknown
/usr/bin/oslevel       = unknown
/bin/universe          = unknown

PATH: /home/giovanni/.nvm/versions/node/v8.11.3/bin
PATH: /home/giovanni/bin
PATH: /usr/local/sbin
PATH: /usr/local/bin
PATH: /usr/sbin
PATH: /usr/bin
PATH: /sbin
PATH: /bin
PATH: /usr/games
PATH: /usr/local/games
PATH: /opt/gradle/gradle-4.5.1/bin
PATH: /opt/Oracle_Java/jdk1.8.0_144/bin


## ----------- ##
## Core tests. ##
## ----------- ##

configure:1293: checking for a BSD-compatible install
configure:1348: result: /usr/bin/install -c
configure:1359: checking whether build environment is sane
configure:1402: result: yes
configure:1467: checking for gawk
configure:1483: found /usr/bin/gawk
configure:1493: result: gawk
configure:1503: checking whether make sets $(MAKE)
configure:1523: result: yes
configure:1700: checking for gawk
configure:1726: result: gawk
configure:1738: checking for gawk
configure:1756: found /usr/bin/gawk
configure:1769: result: /usr/bin/gawk
configure:1788: checking for docbook2man
configure:1821: result: no
configure:1837: WARNING: Couldn't find docbook2man! Won't produce documentation.
configure:1985: creating ./config.status

## ---------------------- ##
## Running config.status. ##
## ---------------------- ##

This file was extended by checkmk config.status 1.0.0pre4, which was
generated by GNU Autoconf 2.59.  Invocation command line was

  CONFIG_FILES    = 
  CONFIG_HEADERS  = 
  CONFIG_LINKS    = 
  CONFIG_COMMANDS = 
  $ ./config.status 

on giovanni-Dell-System-Vostro-3450

config.status:701: creating Makefile
config.status:701: creating checkmk
config.status:846: executing checkmk-x commands

## ---------------- ##
## Cache variables. ##
## ---------------- ##

ac_cv_env_AWK_PATH_set=
ac_cv_env_AWK_PATH_value=
ac_cv_env_DOCBOOK2MAN_set=
ac_cv_env_DOCBOOK2MAN_value=
ac_cv_env_build_alias_set=
ac_cv_env_build_alias_value=
ac_cv_env_host_alias_set=
ac_cv_env_host_alias_value=
ac_cv_env_target_alias_set=
ac_cv_env_target_alias_value=
ac_cv_path_AWK_PATH=/usr/bin/gawk
ac_cv_path_install='/usr/bin/install -c'
ac_cv_prog_AWK=gawk
ac_cv_prog_make_make_set=yes

## ----------------- ##
## Output variables. ##
## ----------------- ##

ACLOCAL='${SHELL} /home/giovanni/cStuff/checkmk-1.0.0pre4/missing --run aclocal-1.9'
AMTAR='${SHELL} /home/giovanni/cStuff/checkmk-1.0.0pre4/missing --run tar'
AUTOCONF='${SHELL} /home/giovanni/cStuff/checkmk-1.0.0pre4/missing --run autoconf'
AUTOHEADER='${SHELL} /home/giovanni/cStuff/checkmk-1.0.0pre4/missing --run autoheader'
AUTOMAKE='${SHELL} /home/giovanni/cStuff/checkmk-1.0.0pre4/missing --run automake-1.9'
AWK='gawk'
AWK_PATH='/usr/bin/gawk'
CYGPATH_W='echo'
DEFS='-DPACKAGE_NAME=\"checkmk\" -DPACKAGE_TARNAME=\"checkmk\" -DPACKAGE_VERSION=\"1.0.0pre4\" -DPACKAGE_STRING=\"checkmk\ 1.0.0pre4\" -DPACKAGE_BUGREPORT=\"micah@cowan.name\" -DPACKAGE=\"checkmk\" -DVERSION=\"1.0.0pre4\" '
DOCBOOK2MAN=''
DO_MANS_FALSE=''
DO_MANS_TRUE='#'
ECHO_C=''
ECHO_N='-n'
ECHO_T=''
INSTALL_DATA='${INSTALL} -m 644'
INSTALL_PROGRAM='${INSTALL}'
INSTALL_SCRIPT='${INSTALL}'
INSTALL_STRIP_PROGRAM='${SHELL} $(install_sh) -c -s'
LIBOBJS=''
LIBS=''
LTLIBOBJS=''
MAKEINFO='${SHELL} /home/giovanni/cStuff/checkmk-1.0.0pre4/missing --run makeinfo'
PACKAGE='checkmk'
PACKAGE_BUGREPORT='micah@cowan.name'
PACKAGE_NAME='checkmk'
PACKAGE_STRING='checkmk 1.0.0pre4'
PACKAGE_TARNAME='checkmk'
PACKAGE_VERSION='1.0.0pre4'
PATH_SEPARATOR=':'
SET_MAKE=''
SHELL='/bin/bash'
STRIP=''
VERSION='1.0.0pre4'
ac_ct_STRIP=''
am__leading_dot='.'
am__tar='${AMTAR} chof - "$$tardir"'
am__untar='${AMTAR} xf -'
bindir='${exec_prefix}/bin'
build_alias=''
datadir='${prefix}/share'
exec_prefix='${prefix}'
host_alias=''
includedir='${prefix}/include'
infodir='${prefix}/info'
install_sh='/home/giovanni/cStuff/checkmk-1.0.0pre4/install-sh'
libdir='${exec_prefix}/lib'
libexecdir='${exec_prefix}/libexec'
localstatedir='${prefix}/var'
mandir='${prefix}/man'
mkdir_p='mkdir -p --'
oldincludedir='/usr/include'
prefix='/usr/local'
program_transform_name='s,x,x,'
sbindir='${exec_prefix}/sbin'
sharedstatedir='${prefix}/com'
sysconfdir='${prefix}/etc'
target_alias=''

## ----------- ##
## confdefs.h. ##
## ----------- ##

#define PACKAGE "checkmk"
#define PACKAGE_BUGREPORT "micah@cowan.name"
#define PACKAGE_NAME "checkmk"
#define PACKAGE_STRING "checkmk 1.0.0pre4"
#define PACKAGE_TARNAME "checkmk"
#define PACKAGE_VERSION "1.0.0pre4"
#define VERSION "1.0.0pre4"

configure: exit 0
